<?xml version="1.0" encoding="UTF-8"?>
<testng-results ignored="0" total="1" passed="1" failed="0" skipped="0">
  <reporter-output>
  </reporter-output>
  <suite started-at="2026-05-18T14:02:26 IST" name="flipkart" finished-at="2026-05-18T14:02:51 IST" duration-ms="24766">
    <groups>
    </groups>
    <test started-at="2026-05-18T14:02:26 IST" name="E-cart-app test" finished-at="2026-05-18T14:02:51 IST" duration-ms="24766">
      <class name="com.flipkart.testCases.TC_SearchProduct_01">
        <test-method is-config="true" signature="setup(java.lang.String)[pri:0, instance:com.flipkart.testCases.TC_SearchProduct_01@2bd08376]" started-at="2026-05-18T14:02:27 IST" name="setup" finished-at="2026-05-18T14:02:38 IST" duration-ms="11273" status="PASS">
          <params>
            <param index="0">
              <value>
                <![CDATA[chrome]]>
              </value>
            </param>
          </params>
          <reporter-output>
          </reporter-output>
        </test-method> <!-- setup -->
        <test-method signature="searchTest()[pri:0, instance:com.flipkart.testCases.TC_SearchProduct_01@2bd08376]" started-at="2026-05-18T14:02:38 IST" name="searchTest" finished-at="2026-05-18T14:02:50 IST" duration-ms="11789" status="PASS">
          <reporter-output>
          </reporter-output>
        </test-method> <!-- searchTest -->
        <test-method is-config="true" signature="tearDown()[pri:0, instance:com.flipkart.testCases.TC_SearchProduct_01@2bd08376]" started-at="2026-05-18T14:02:50 IST" name="tearDown" finished-at="2026-05-18T14:02:51 IST" duration-ms="695" status="PASS">
          <reporter-output>
          </reporter-output>
        </test-method> <!-- tearDown -->
      </class> <!-- com.flipkart.testCases.TC_SearchProduct_01 -->
    </test> <!-- E-cart-app test -->
  </suite> <!-- flipkart -->
</testng-results>
