<?xml version="1.0" encoding="UTF-8"?>
<testng-results ignored="0" total="1" passed="1" failed="0" skipped="0">
  <reporter-output>
  </reporter-output>
  <suite started-at="2026-08-27T22:10:38 IST" name="flipkart" finished-at="2026-08-27T22:11:07 IST" duration-ms="29520">
    <groups>
    </groups>
    <test started-at="2026-08-27T22:10:38 IST" name="E-cart-app test" finished-at="2026-08-27T22:11:07 IST" duration-ms="29520">
      <class name="com.flipkart.testCases.TC_SearchProduct_01">
        <test-method is-config="true" signature="setup(java.lang.String)[pri:0, instance:com.flipkart.testCases.TC_SearchProduct_01@60b4beb4]" started-at="2026-08-27T22:10:39 IST" name="setup" finished-at="2026-08-27T22:10:58 IST" duration-ms="19213" status="PASS">
          <params>
            <param index="0">
              <value>
                <![CDATA[edge]]>
              </value>
            </param>
          </params>
          <reporter-output>
          </reporter-output>
        </test-method> <!-- setup -->
        <test-method signature="searchTest()[pri:0, instance:com.flipkart.testCases.TC_SearchProduct_01@60b4beb4]" started-at="2026-08-27T22:10:58 IST" name="searchTest" finished-at="2026-08-27T22:11:07 IST" duration-ms="8724" status="PASS">
          <reporter-output>
          </reporter-output>
        </test-method> <!-- searchTest -->
        <test-method is-config="true" signature="tearDown()[pri:0, instance:com.flipkart.testCases.TC_SearchProduct_01@60b4beb4]" started-at="2026-08-27T22:11:07 IST" name="tearDown" finished-at="2026-08-27T22:11:07 IST" duration-ms="608" status="PASS">
          <reporter-output>
          </reporter-output>
        </test-method> <!-- tearDown -->
      </class> <!-- com.flipkart.testCases.TC_SearchProduct_01 -->
    </test> <!-- E-cart-app test -->
  </suite> <!-- flipkart -->
</testng-results>
